<?xml version="1.0" encoding="UTF-8"?>
<!-- Generated by org.testng.reporters.JUnitXMLReporter -->
<testsuite hostname="Ibrahims-MacBook-Air.local" ignored="0" name="wiki Test" tests="21" failures="0" timestamp="26 Sep 2017 20:34:46 GMT" time="0.053" errors="0">
  <testcase name="@BeforeMethod setUp" time="0.008" classname="base.CommonAPI">
    <failure type="java.lang.IllegalArgumentException">
      <![CDATA[java.lang.IllegalArgumentException
... Removed 30 stack frames]]>
    </failure>
  </testcase> <!-- @BeforeMethod setUp -->
  <testcase name="@BeforeMethod setUp" time="0.0" classname="base.CommonAPI">
    <skipped/>
  </testcase> <!-- @BeforeMethod setUp -->
  <testcase name="@BeforeMethod setUp" time="0.0" classname="base.CommonAPI">
    <skipped/>
  </testcase> <!-- @BeforeMethod setUp -->
  <testcase name="@BeforeMethod setUp" time="0.0" classname="base.CommonAPI">
    <skipped/>
  </testcase> <!-- @BeforeMethod setUp -->
  <testcase name="@BeforeMethod setUp" time="0.0" classname="base.CommonAPI">
    <skipped/>
  </testcase> <!-- @BeforeMethod setUp -->
  <testcase name="@BeforeMethod setUp" time="0.0" classname="base.CommonAPI">
    <skipped/>
  </testcase> <!-- @BeforeMethod setUp -->
  <testcase name="@BeforeMethod setUp" time="0.0" classname="base.CommonAPI">
    <skipped/>
  </testcase> <!-- @BeforeMethod setUp -->
  <testcase name="@BeforeMethod setUp" time="0.0" classname="base.CommonAPI">
    <skipped/>
  </testcase> <!-- @BeforeMethod setUp -->
  <testcase name="@BeforeMethod setUp" time="0.0" classname="base.CommonAPI">
    <skipped/>
  </testcase> <!-- @BeforeMethod setUp -->
  <testcase name="@BeforeMethod setUp" time="0.0" classname="base.CommonAPI">
    <skipped/>
  </testcase> <!-- @BeforeMethod setUp -->
  <testcase name="@BeforeMethod setUp" time="0.0" classname="base.CommonAPI">
    <skipped/>
  </testcase> <!-- @BeforeMethod setUp -->
  <testcase name="@BeforeMethod setUp" time="0.0" classname="base.CommonAPI">
    <skipped/>
  </testcase> <!-- @BeforeMethod setUp -->
  <testcase name="@BeforeMethod setUp" time="0.0" classname="base.CommonAPI">
    <skipped/>
  </testcase> <!-- @BeforeMethod setUp -->
  <testcase name="@BeforeMethod setUp" time="0.0" classname="base.CommonAPI">
    <skipped/>
  </testcase> <!-- @BeforeMethod setUp -->
  <testcase name="@BeforeMethod setUp" time="0.0" classname="base.CommonAPI">
    <skipped/>
  </testcase> <!-- @BeforeMethod setUp -->
  <testcase name="@BeforeMethod setUp" time="0.0" classname="base.CommonAPI">
    <skipped/>
  </testcase> <!-- @BeforeMethod setUp -->
  <testcase name="@BeforeMethod setUp" time="0.0" classname="base.CommonAPI">
    <skipped/>
  </testcase> <!-- @BeforeMethod setUp -->
  <testcase name="@BeforeMethod setUp" time="0.0" classname="base.CommonAPI">
    <skipped/>
  </testcase> <!-- @BeforeMethod setUp -->
  <testcase name="@BeforeMethod setUp" time="0.0" classname="base.CommonAPI">
    <skipped/>
  </testcase> <!-- @BeforeMethod setUp -->
  <testcase name="@BeforeMethod setUp" time="0.0" classname="base.CommonAPI">
    <skipped/>
  </testcase> <!-- @BeforeMethod setUp -->
  <testcase name="@BeforeMethod setUp" time="0.0" classname="base.CommonAPI">
    <skipped/>
  </testcase> <!-- @BeforeMethod setUp -->
  <testcase name="testChn" time="0.0" classname="testWikipedia.TestWikiHome">
    <skipped/>
  </testcase> <!-- testChn -->
  <testcase name="testEng" time="0.0" classname="testWikipedia.TestWikiHome">
    <skipped/>
  </testcase> <!-- testEng -->
  <testcase name="testEsp" time="0.0" classname="testWikipedia.TestWikiHome">
    <skipped/>
  </testcase> <!-- testEsp -->
  <testcase name="testFrnch" time="0.0" classname="testWikipedia.TestWikiHome">
    <skipped/>
  </testcase> <!-- testFrnch -->
  <testcase name="testGrmn" time="0.0" classname="testWikipedia.TestWikiHome">
    <skipped/>
  </testcase> <!-- testGrmn -->
  <testcase name="testIta" time="0.0" classname="testWikipedia.TestWikiHome">
    <skipped/>
  </testcase> <!-- testIta -->
  <testcase name="testJpn" time="0.0" classname="testWikipedia.TestWikiHome">
    <skipped/>
  </testcase> <!-- testJpn -->
  <testcase name="testLangList" time="0.0" classname="testWikipedia.TestWikiHome">
    <skipped/>
  </testcase> <!-- testLangList -->
  <testcase name="testPol" time="0.0" classname="testWikipedia.TestWikiHome">
    <skipped/>
  </testcase> <!-- testPol -->
  <testcase name="testPor" time="0.0" classname="testWikipedia.TestWikiHome">
    <skipped/>
  </testcase> <!-- testPor -->
  <testcase name="testRus" time="0.0" classname="testWikipedia.TestWikiHome">
    <skipped/>
  </testcase> <!-- testRus -->
  <testcase name="searchOption" time="0.0" classname="testWikipedia.testWikiSearchOption">
    <skipped/>
  </testcase> <!-- searchOption -->
  <testcase name="createAccountPage" time="0.0" classname="testWikipedia.TestWikiMainPage">
    <skipped/>
  </testcase> <!-- createAccountPage -->
  <testcase name="loginPage" time="0.0" classname="testWikipedia.TestWikiMainPage">
    <skipped/>
  </testcase> <!-- loginPage -->
  <testcase name="searchCont" time="0.0" classname="testWikipedia.TestWikiMainPage">
    <skipped/>
  </testcase> <!-- searchCont -->
  <testcase name="testTalk" time="0.0" classname="testWikipedia.TestWikiMainPage">
    <skipped/>
  </testcase> <!-- testTalk -->
  <testcase name="loggingIn" time="0.0" classname="testWikipedia.testWikiCreateAccount">
    <skipped/>
  </testcase> <!-- loggingIn -->
  <testcase name="ForgetPass" time="0.0" classname="testWikipedia.testWikiLoginPage">
    <skipped/>
  </testcase> <!-- ForgetPass -->
  <testcase name="getHelpWithLogin" time="0.0" classname="testWikipedia.testWikiLoginPage">
    <skipped/>
  </testcase> <!-- getHelpWithLogin -->
  <testcase name="joinWikiPage" time="0.0" classname="testWikipedia.testWikiLoginPage">
    <skipped/>
  </testcase> <!-- joinWikiPage -->
  <testcase name="loggingIn" time="0.0" classname="testWikipedia.testWikiLoginPage">
    <skipped/>
  </testcase> <!-- loggingIn -->
</testsuite> <!-- wiki Test -->
