<?xml version="1.0" encoding="UTF-8"?>
<testng-results skipped="0" failed="2" ignored="0" total="10" passed="8">
  <reporter-output>
  </reporter-output>
  <suite name="Twitter" duration-ms="217644" started-at="2017-09-18T23:52:05Z" finished-at="2017-09-18T23:55:43Z">
    <groups>
    </groups>
    <test name="TwitterFeatures" duration-ms="217644" started-at="2017-09-18T23:52:05Z" finished-at="2017-09-18T23:55:43Z">
      <class name="TestHome.TestHomePage">
        <test-method status="PASS" signature="launch_Browser_Open_Application(java.lang.String, java.lang.String)[pri:0, instance:TestHome.TestHomePage@366e2eef]" name="launch_Browser_Open_Application" is-config="true" duration-ms="17005" started-at="2017-09-18T19:52:35Z" finished-at="2017-09-18T19:52:52Z">
          <params>
            <param index="0">
              <value>
                <![CDATA[chrome]]>
              </value>
            </param>
            <param index="1">
              <value>
                <![CDATA[https://twitter.com/]]>
              </value>
            </param>
          </params>
          <reporter-output>
          </reporter-output>
        </test-method> <!-- launch_Browser_Open_Application -->
        <test-method status="PASS" signature="TwitterHomePage1()[pri:0, instance:TestHome.TestHomePage@366e2eef]" name="TwitterHomePage1" duration-ms="3182" started-at="2017-09-18T19:52:52Z" finished-at="2017-09-18T19:52:55Z">
          <reporter-output>
          </reporter-output>
        </test-method> <!-- TwitterHomePage1 -->
        <test-method status="PASS" signature="close_Browser()[pri:0, instance:TestHome.TestHomePage@366e2eef]" name="close_Browser" is-config="true" duration-ms="953" started-at="2017-09-18T19:52:55Z" finished-at="2017-09-18T19:52:56Z">
          <reporter-output>
          </reporter-output>
        </test-method> <!-- close_Browser -->
        <test-method status="PASS" signature="launch_Browser_Open_Application(java.lang.String, java.lang.String)[pri:0, instance:TestHome.TestHomePage@366e2eef]" name="launch_Browser_Open_Application" is-config="true" duration-ms="11131" started-at="2017-09-18T19:52:56Z" finished-at="2017-09-18T19:53:07Z">
          <params>
            <param index="0">
              <value>
                <![CDATA[chrome]]>
              </value>
            </param>
            <param index="1">
              <value>
                <![CDATA[https://twitter.com/]]>
              </value>
            </param>
          </params>
          <reporter-output>
          </reporter-output>
        </test-method> <!-- launch_Browser_Open_Application -->
        <test-method status="PASS" signature="TwitterHomePage2()[pri:0, instance:TestHome.TestHomePage@366e2eef]" name="TwitterHomePage2" duration-ms="3205" started-at="2017-09-18T19:53:07Z" finished-at="2017-09-18T19:53:10Z">
          <reporter-output>
          </reporter-output>
        </test-method> <!-- TwitterHomePage2 -->
        <test-method status="PASS" signature="close_Browser()[pri:0, instance:TestHome.TestHomePage@366e2eef]" name="close_Browser" is-config="true" duration-ms="1033" started-at="2017-09-18T19:53:10Z" finished-at="2017-09-18T19:53:11Z">
          <reporter-output>
          </reporter-output>
        </test-method> <!-- close_Browser -->
        <test-method status="PASS" signature="launch_Browser_Open_Application(java.lang.String, java.lang.String)[pri:0, instance:TestHome.TestHomePage@366e2eef]" name="launch_Browser_Open_Application" is-config="true" duration-ms="12396" started-at="2017-09-18T19:53:11Z" finished-at="2017-09-18T19:53:24Z">
          <params>
            <param index="0">
              <value>
                <![CDATA[chrome]]>
              </value>
            </param>
            <param index="1">
              <value>
                <![CDATA[https://twitter.com/]]>
              </value>
            </param>
          </params>
          <reporter-output>
          </reporter-output>
        </test-method> <!-- launch_Browser_Open_Application -->
        <test-method status="PASS" signature="TwitterHomePage3()[pri:0, instance:TestHome.TestHomePage@366e2eef]" name="TwitterHomePage3" duration-ms="3195" started-at="2017-09-18T19:53:24Z" finished-at="2017-09-18T19:53:27Z">
          <reporter-output>
          </reporter-output>
        </test-method> <!-- TwitterHomePage3 -->
        <test-method status="PASS" signature="close_Browser()[pri:0, instance:TestHome.TestHomePage@366e2eef]" name="close_Browser" is-config="true" duration-ms="922" started-at="2017-09-18T19:53:27Z" finished-at="2017-09-18T19:53:28Z">
          <reporter-output>
          </reporter-output>
        </test-method> <!-- close_Browser -->
        <test-method status="PASS" signature="launch_Browser_Open_Application(java.lang.String, java.lang.String)[pri:0, instance:TestHome.TestHomePage@366e2eef]" name="launch_Browser_Open_Application" is-config="true" duration-ms="12737" started-at="2017-09-18T19:53:28Z" finished-at="2017-09-18T19:53:40Z">
          <params>
            <param index="0">
              <value>
                <![CDATA[chrome]]>
              </value>
            </param>
            <param index="1">
              <value>
                <![CDATA[https://twitter.com/]]>
              </value>
            </param>
          </params>
          <reporter-output>
          </reporter-output>
        </test-method> <!-- launch_Browser_Open_Application -->
        <test-method status="PASS" signature="TwitterHomePage4()[pri:0, instance:TestHome.TestHomePage@366e2eef]" name="TwitterHomePage4" duration-ms="3185" started-at="2017-09-18T19:53:40Z" finished-at="2017-09-18T19:53:44Z">
          <reporter-output>
          </reporter-output>
        </test-method> <!-- TwitterHomePage4 -->
        <test-method status="PASS" signature="close_Browser()[pri:0, instance:TestHome.TestHomePage@366e2eef]" name="close_Browser" is-config="true" duration-ms="914" started-at="2017-09-18T19:53:44Z" finished-at="2017-09-18T19:53:45Z">
          <reporter-output>
          </reporter-output>
        </test-method> <!-- close_Browser -->
        <test-method status="PASS" signature="launch_Browser_Open_Application(java.lang.String, java.lang.String)[pri:0, instance:TestHome.TestHomePage@366e2eef]" name="launch_Browser_Open_Application" is-config="true" duration-ms="14505" started-at="2017-09-18T19:53:45Z" finished-at="2017-09-18T19:53:59Z">
          <params>
            <param index="0">
              <value>
                <![CDATA[chrome]]>
              </value>
            </param>
            <param index="1">
              <value>
                <![CDATA[https://twitter.com/]]>
              </value>
            </param>
          </params>
          <reporter-output>
          </reporter-output>
        </test-method> <!-- launch_Browser_Open_Application -->
        <test-method status="PASS" signature="TwitterHomePage5()[pri:0, instance:TestHome.TestHomePage@366e2eef]" name="TwitterHomePage5" duration-ms="3195" started-at="2017-09-18T19:53:59Z" finished-at="2017-09-18T19:54:02Z">
          <reporter-output>
          </reporter-output>
        </test-method> <!-- TwitterHomePage5 -->
        <test-method status="PASS" signature="close_Browser()[pri:0, instance:TestHome.TestHomePage@366e2eef]" name="close_Browser" is-config="true" duration-ms="1072" started-at="2017-09-18T19:54:02Z" finished-at="2017-09-18T19:54:03Z">
          <reporter-output>
          </reporter-output>
        </test-method> <!-- close_Browser -->
        <test-method status="PASS" signature="launch_Browser_Open_Application(java.lang.String, java.lang.String)[pri:0, instance:TestHome.TestHomePage@366e2eef]" name="launch_Browser_Open_Application" is-config="true" duration-ms="15462" started-at="2017-09-18T19:54:03Z" finished-at="2017-09-18T19:54:19Z">
          <params>
            <param index="0">
              <value>
                <![CDATA[chrome]]>
              </value>
            </param>
            <param index="1">
              <value>
                <![CDATA[https://twitter.com/]]>
              </value>
            </param>
          </params>
          <reporter-output>
          </reporter-output>
        </test-method> <!-- launch_Browser_Open_Application -->
        <test-method status="PASS" signature="TwitterHomePage6()[pri:0, instance:TestHome.TestHomePage@366e2eef]" name="TwitterHomePage6" duration-ms="3184" started-at="2017-09-18T19:54:19Z" finished-at="2017-09-18T19:54:22Z">
          <reporter-output>
          </reporter-output>
        </test-method> <!-- TwitterHomePage6 -->
        <test-method status="PASS" signature="close_Browser()[pri:0, instance:TestHome.TestHomePage@366e2eef]" name="close_Browser" is-config="true" duration-ms="935" started-at="2017-09-18T19:54:22Z" finished-at="2017-09-18T19:54:23Z">
          <reporter-output>
          </reporter-output>
        </test-method> <!-- close_Browser -->
      </class> <!-- TestHome.TestHomePage -->
      <class name="TestHome.Searching_Test">
        <test-method status="PASS" signature="launch_Browser_Open_Application(java.lang.String, java.lang.String)[pri:0, instance:TestHome.Searching_Test@6df97b55]" name="launch_Browser_Open_Application" is-config="true" duration-ms="15209" started-at="2017-09-18T19:54:23Z" finished-at="2017-09-18T19:54:38Z">
          <params>
            <param index="0">
              <value>
                <![CDATA[chrome]]>
              </value>
            </param>
            <param index="1">
              <value>
                <![CDATA[https://twitter.com/]]>
              </value>
            </param>
          </params>
          <reporter-output>
          </reporter-output>
        </test-method> <!-- launch_Browser_Open_Application -->
        <test-method status="PASS" signature="Searching()[pri:0, instance:TestHome.Searching_Test@6df97b55]" name="Searching" duration-ms="3401" started-at="2017-09-18T19:54:38Z" finished-at="2017-09-18T19:54:42Z">
          <reporter-output>
          </reporter-output>
        </test-method> <!-- Searching -->
        <test-method status="PASS" signature="close_Browser()[pri:0, instance:TestHome.Searching_Test@6df97b55]" name="close_Browser" is-config="true" duration-ms="970" started-at="2017-09-18T19:54:42Z" finished-at="2017-09-18T19:54:42Z">
          <reporter-output>
          </reporter-output>
        </test-method> <!-- close_Browser -->
      </class> <!-- TestHome.Searching_Test -->
      <class name="TestHome.TestLogin_TestLogOut">
        <test-method status="PASS" signature="launch_Browser_Open_Application(java.lang.String, java.lang.String)[pri:0, instance:TestHome.TestLogin_TestLogOut@34b7bfc0]" name="launch_Browser_Open_Application" is-config="true" duration-ms="21184" started-at="2017-09-18T19:52:05Z" finished-at="2017-09-18T19:52:27Z">
          <params>
            <param index="0">
              <value>
                <![CDATA[chrome]]>
              </value>
            </param>
            <param index="1">
              <value>
                <![CDATA[https://twitter.com/]]>
              </value>
            </param>
          </params>
          <reporter-output>
          </reporter-output>
        </test-method> <!-- launch_Browser_Open_Application -->
        <test-method status="FAIL" signature="Testing_login()[pri:0, instance:TestHome.TestLogin_TestLogOut@34b7bfc0]" name="Testing_login" duration-ms="7148" started-at="2017-09-18T19:52:27Z" finished-at="2017-09-18T19:52:34Z">
          <exception class="org.openqa.selenium.NoSuchElementException">
            <message>
              <![CDATA[no such element: Unable to locate element: {"method":"id","selector":"user-dropdown-toggle"}
  (Session info: chrome=60.0.3112.113)
  (Driver info: chromedriver=2.32.498550 (9dec58e66c31bcc53a9ce3c7226f0c1c5810906a),platform=Windows NT 10.0.15063 x86_64) (WARNING: The server did not provide any stacktrace information)
Command duration or timeout: 0 milliseconds
For documentation on this error, please visit: http://seleniumhq.org/exceptions/no_such_element.html
Build info: version: '3.5.3', revision: 'a88d25fe6b', time: '2017-08-29T12:42:44.417Z'
System info: host: 'LAPTOP-FFQ1AJ6B', ip: '192.168.184.1', os.name: 'Windows 10', os.arch: 'amd64', os.version: '10.0', java.version: '1.8.0_131'
Driver info: org.openqa.selenium.chrome.ChromeDriver
Capabilities [{mobileEmulationEnabled=false, hasTouchScreen=false, platform=XP, acceptSslCerts=true, webStorageEnabled=true, browserName=chrome, takesScreenshot=true, javascriptEnabled=true, platformName=XP, setWindowRect=true, unexpectedAlertBehaviour=, applicationCacheEnabled=false, rotatable=false, networkConnectionEnabled=false, chrome={chromedriverVersion=2.32.498550 (9dec58e66c31bcc53a9ce3c7226f0c1c5810906a), userDataDir=C:\Users\sujon\AppData\Local\Temp\scoped_dir8200_3680}, takesHeapSnapshot=true, pageLoadStrategy=normal, unhandledPromptBehavior=, databaseEnabled=false, handlesAlerts=true, version=60.0.3112.113, browserConnectionEnabled=false, nativeEvents=true, locationContextEnabled=true, cssSelectorsEnabled=true}]
Session ID: a61f7a8bc32f55c8e9e54254d7e06bee
*** Element info: {Using=id, value=user-dropdown-toggle}]]>
            </message>
            <full-stacktrace>
              <![CDATA[org.openqa.selenium.NoSuchElementException: no such element: Unable to locate element: {"method":"id","selector":"user-dropdown-toggle"}
  (Session info: chrome=60.0.3112.113)
  (Driver info: chromedriver=2.32.498550 (9dec58e66c31bcc53a9ce3c7226f0c1c5810906a),platform=Windows NT 10.0.15063 x86_64) (WARNING: The server did not provide any stacktrace information)
Command duration or timeout: 0 milliseconds
For documentation on this error, please visit: http://seleniumhq.org/exceptions/no_such_element.html
Build info: version: '3.5.3', revision: 'a88d25fe6b', time: '2017-08-29T12:42:44.417Z'
System info: host: 'LAPTOP-FFQ1AJ6B', ip: '192.168.184.1', os.name: 'Windows 10', os.arch: 'amd64', os.version: '10.0', java.version: '1.8.0_131'
Driver info: org.openqa.selenium.chrome.ChromeDriver
Capabilities [{mobileEmulationEnabled=false, hasTouchScreen=false, platform=XP, acceptSslCerts=true, webStorageEnabled=true, browserName=chrome, takesScreenshot=true, javascriptEnabled=true, platformName=XP, setWindowRect=true, unexpectedAlertBehaviour=, applicationCacheEnabled=false, rotatable=false, networkConnectionEnabled=false, chrome={chromedriverVersion=2.32.498550 (9dec58e66c31bcc53a9ce3c7226f0c1c5810906a), userDataDir=C:\Users\sujon\AppData\Local\Temp\scoped_dir8200_3680}, takesHeapSnapshot=true, pageLoadStrategy=normal, unhandledPromptBehavior=, databaseEnabled=false, handlesAlerts=true, version=60.0.3112.113, browserConnectionEnabled=false, nativeEvents=true, locationContextEnabled=true, cssSelectorsEnabled=true}]
Session ID: a61f7a8bc32f55c8e9e54254d7e06bee
*** Element info: {Using=id, value=user-dropdown-toggle}
	at sun.reflect.NativeConstructorAccessorImpl.newInstance0(Native Method)
	at sun.reflect.NativeConstructorAccessorImpl.newInstance(NativeConstructorAccessorImpl.java:62)
	at sun.reflect.DelegatingConstructorAccessorImpl.newInstance(DelegatingConstructorAccessorImpl.java:45)
	at java.lang.reflect.Constructor.newInstance(Constructor.java:423)
	at org.openqa.selenium.remote.ErrorHandler.createThrowable(ErrorHandler.java:215)
	at org.openqa.selenium.remote.ErrorHandler.throwIfResponseFailed(ErrorHandler.java:167)
	at org.openqa.selenium.remote.http.JsonHttpResponseCodec.reconstructValue(JsonHttpResponseCodec.java:40)
	at org.openqa.selenium.remote.http.AbstractHttpResponseCodec.decode(AbstractHttpResponseCodec.java:82)
	at org.openqa.selenium.remote.http.AbstractHttpResponseCodec.decode(AbstractHttpResponseCodec.java:45)
	at org.openqa.selenium.remote.HttpCommandExecutor.execute(HttpCommandExecutor.java:164)
	at org.openqa.selenium.remote.service.DriverCommandExecutor.execute(DriverCommandExecutor.java:82)
	at org.openqa.selenium.remote.RemoteWebDriver.execute(RemoteWebDriver.java:646)
	at org.openqa.selenium.remote.RemoteWebDriver.findElement(RemoteWebDriver.java:416)
	at org.openqa.selenium.remote.RemoteWebDriver.findElementById(RemoteWebDriver.java:462)
	at org.openqa.selenium.By$ById.findElement(By.java:218)
	at org.openqa.selenium.remote.RemoteWebDriver.findElement(RemoteWebDriver.java:408)
	at org.openqa.selenium.support.pagefactory.DefaultElementLocator.findElement(DefaultElementLocator.java:69)
	at org.openqa.selenium.support.pagefactory.internal.LocatingElementHandler.invoke(LocatingElementHandler.java:38)
	at com.sun.proxy.$Proxy8.click(Unknown Source)
	at Twitter_Features.T_Login_T_LogOut.userName_Box(T_Login_T_LogOut.java:39)
	at TestHome.TestLogin_TestLogOut.Testing_login(TestLogin_TestLogOut.java:14)
	at sun.reflect.NativeMethodAccessorImpl.invoke0(Native Method)
	at sun.reflect.NativeMethodAccessorImpl.invoke(NativeMethodAccessorImpl.java:62)
	at sun.reflect.DelegatingMethodAccessorImpl.invoke(DelegatingMethodAccessorImpl.java:43)
	at java.lang.reflect.Method.invoke(Method.java:498)
	at org.testng.internal.MethodInvocationHelper.invokeMethod(MethodInvocationHelper.java:108)
	at org.testng.internal.Invoker.invokeMethod(Invoker.java:661)
	at org.testng.internal.Invoker.invokeTestMethod(Invoker.java:869)
	at org.testng.internal.Invoker.invokeTestMethods(Invoker.java:1193)
	at org.testng.internal.TestMethodWorker.invokeTestMethods(TestMethodWorker.java:126)
	at org.testng.internal.TestMethodWorker.run(TestMethodWorker.java:109)
	at org.testng.TestRunner.privateRun(TestRunner.java:744)
	at org.testng.TestRunner.run(TestRunner.java:602)
	at org.testng.SuiteRunner.runTest(SuiteRunner.java:380)
	at org.testng.SuiteRunner.access$000(SuiteRunner.java:39)
	at org.testng.SuiteRunner$SuiteWorker.run(SuiteRunner.java:414)
	at org.testng.internal.thread.ThreadUtil$1.call(ThreadUtil.java:52)
	at java.util.concurrent.FutureTask.run(FutureTask.java:266)
	at java.util.concurrent.ThreadPoolExecutor.runWorker(ThreadPoolExecutor.java:1142)
	at java.util.concurrent.ThreadPoolExecutor$Worker.run(ThreadPoolExecutor.java:617)
	at java.lang.Thread.run(Thread.java:748)
]]>
            </full-stacktrace>
          </exception> <!-- org.openqa.selenium.NoSuchElementException -->
          <reporter-output>
          </reporter-output>
        </test-method> <!-- Testing_login -->
        <test-method status="PASS" signature="close_Browser()[pri:0, instance:TestHome.TestLogin_TestLogOut@34b7bfc0]" name="close_Browser" is-config="true" duration-ms="879" started-at="2017-09-18T19:52:34Z" finished-at="2017-09-18T19:52:35Z">
          <reporter-output>
          </reporter-output>
        </test-method> <!-- close_Browser -->
      </class> <!-- TestHome.TestLogin_TestLogOut -->
      <class name="TestHome.Test_Twitter_Inside">
        <test-method status="PASS" signature="launch_Browser_Open_Application(java.lang.String, java.lang.String)[pri:0, instance:TestHome.Test_Twitter_Inside@35fb3008]" name="launch_Browser_Open_Application" is-config="true" duration-ms="12723" started-at="2017-09-18T19:55:23Z" finished-at="2017-09-18T19:55:35Z">
          <params>
            <param index="0">
              <value>
                <![CDATA[chrome]]>
              </value>
            </param>
            <param index="1">
              <value>
                <![CDATA[https://twitter.com/]]>
              </value>
            </param>
          </params>
          <reporter-output>
          </reporter-output>
        </test-method> <!-- launch_Browser_Open_Application -->
        <test-method status="FAIL" signature="Testing_login()[pri:0, instance:TestHome.Test_Twitter_Inside@35fb3008]" name="Testing_login" duration-ms="6637" started-at="2017-09-18T19:55:35Z" finished-at="2017-09-18T19:55:42Z">
          <exception class="org.openqa.selenium.NoSuchElementException">
            <message>
              <![CDATA[no such element: Unable to locate element: {"method":"id","selector":"tweet-box-home-timeline"}
  (Session info: chrome=60.0.3112.113)
  (Driver info: chromedriver=2.32.498550 (9dec58e66c31bcc53a9ce3c7226f0c1c5810906a),platform=Windows NT 10.0.15063 x86_64) (WARNING: The server did not provide any stacktrace information)
Command duration or timeout: 0 milliseconds
For documentation on this error, please visit: http://seleniumhq.org/exceptions/no_such_element.html
Build info: version: '3.5.3', revision: 'a88d25fe6b', time: '2017-08-29T12:42:44.417Z'
System info: host: 'LAPTOP-FFQ1AJ6B', ip: '192.168.184.1', os.name: 'Windows 10', os.arch: 'amd64', os.version: '10.0', java.version: '1.8.0_131'
Driver info: org.openqa.selenium.chrome.ChromeDriver
Capabilities [{mobileEmulationEnabled=false, hasTouchScreen=false, platform=XP, acceptSslCerts=true, webStorageEnabled=true, browserName=chrome, takesScreenshot=true, javascriptEnabled=true, platformName=XP, setWindowRect=true, unexpectedAlertBehaviour=, applicationCacheEnabled=false, rotatable=false, networkConnectionEnabled=false, chrome={chromedriverVersion=2.32.498550 (9dec58e66c31bcc53a9ce3c7226f0c1c5810906a), userDataDir=C:\Users\sujon\AppData\Local\Temp\scoped_dir12116_20228}, takesHeapSnapshot=true, pageLoadStrategy=normal, unhandledPromptBehavior=, databaseEnabled=false, handlesAlerts=true, version=60.0.3112.113, browserConnectionEnabled=false, nativeEvents=true, locationContextEnabled=true, cssSelectorsEnabled=true}]
Session ID: e2f9be02035c5bff48b9aad8ae962c1c
*** Element info: {Using=id, value=tweet-box-home-timeline}]]>
            </message>
            <full-stacktrace>
              <![CDATA[org.openqa.selenium.NoSuchElementException: no such element: Unable to locate element: {"method":"id","selector":"tweet-box-home-timeline"}
  (Session info: chrome=60.0.3112.113)
  (Driver info: chromedriver=2.32.498550 (9dec58e66c31bcc53a9ce3c7226f0c1c5810906a),platform=Windows NT 10.0.15063 x86_64) (WARNING: The server did not provide any stacktrace information)
Command duration or timeout: 0 milliseconds
For documentation on this error, please visit: http://seleniumhq.org/exceptions/no_such_element.html
Build info: version: '3.5.3', revision: 'a88d25fe6b', time: '2017-08-29T12:42:44.417Z'
System info: host: 'LAPTOP-FFQ1AJ6B', ip: '192.168.184.1', os.name: 'Windows 10', os.arch: 'amd64', os.version: '10.0', java.version: '1.8.0_131'
Driver info: org.openqa.selenium.chrome.ChromeDriver
Capabilities [{mobileEmulationEnabled=false, hasTouchScreen=false, platform=XP, acceptSslCerts=true, webStorageEnabled=true, browserName=chrome, takesScreenshot=true, javascriptEnabled=true, platformName=XP, setWindowRect=true, unexpectedAlertBehaviour=, applicationCacheEnabled=false, rotatable=false, networkConnectionEnabled=false, chrome={chromedriverVersion=2.32.498550 (9dec58e66c31bcc53a9ce3c7226f0c1c5810906a), userDataDir=C:\Users\sujon\AppData\Local\Temp\scoped_dir12116_20228}, takesHeapSnapshot=true, pageLoadStrategy=normal, unhandledPromptBehavior=, databaseEnabled=false, handlesAlerts=true, version=60.0.3112.113, browserConnectionEnabled=false, nativeEvents=true, locationContextEnabled=true, cssSelectorsEnabled=true}]
Session ID: e2f9be02035c5bff48b9aad8ae962c1c
*** Element info: {Using=id, value=tweet-box-home-timeline}
	at sun.reflect.NativeConstructorAccessorImpl.newInstance0(Native Method)
	at sun.reflect.NativeConstructorAccessorImpl.newInstance(NativeConstructorAccessorImpl.java:62)
	at sun.reflect.DelegatingConstructorAccessorImpl.newInstance(DelegatingConstructorAccessorImpl.java:45)
	at java.lang.reflect.Constructor.newInstance(Constructor.java:423)
	at org.openqa.selenium.remote.ErrorHandler.createThrowable(ErrorHandler.java:215)
	at org.openqa.selenium.remote.ErrorHandler.throwIfResponseFailed(ErrorHandler.java:167)
	at org.openqa.selenium.remote.http.JsonHttpResponseCodec.reconstructValue(JsonHttpResponseCodec.java:40)
	at org.openqa.selenium.remote.http.AbstractHttpResponseCodec.decode(AbstractHttpResponseCodec.java:82)
	at org.openqa.selenium.remote.http.AbstractHttpResponseCodec.decode(AbstractHttpResponseCodec.java:45)
	at org.openqa.selenium.remote.HttpCommandExecutor.execute(HttpCommandExecutor.java:164)
	at org.openqa.selenium.remote.service.DriverCommandExecutor.execute(DriverCommandExecutor.java:82)
	at org.openqa.selenium.remote.RemoteWebDriver.execute(RemoteWebDriver.java:646)
	at org.openqa.selenium.remote.RemoteWebDriver.findElement(RemoteWebDriver.java:416)
	at org.openqa.selenium.remote.RemoteWebDriver.findElementById(RemoteWebDriver.java:462)
	at org.openqa.selenium.By$ById.findElement(By.java:218)
	at org.openqa.selenium.remote.RemoteWebDriver.findElement(RemoteWebDriver.java:408)
	at org.openqa.selenium.support.pagefactory.DefaultElementLocator.findElement(DefaultElementLocator.java:69)
	at org.openqa.selenium.support.pagefactory.internal.LocatingElementHandler.invoke(LocatingElementHandler.java:38)
	at com.sun.proxy.$Proxy8.sendKeys(Unknown Source)
	at Twitter_Features.Inside_Twitter_features.Twitter_Home_Page(Inside_Twitter_features.java:41)
	at TestHome.Test_Twitter_Inside.Testing_login(Test_Twitter_Inside.java:15)
	at sun.reflect.NativeMethodAccessorImpl.invoke0(Native Method)
	at sun.reflect.NativeMethodAccessorImpl.invoke(NativeMethodAccessorImpl.java:62)
	at sun.reflect.DelegatingMethodAccessorImpl.invoke(DelegatingMethodAccessorImpl.java:43)
	at java.lang.reflect.Method.invoke(Method.java:498)
	at org.testng.internal.MethodInvocationHelper.invokeMethod(MethodInvocationHelper.java:108)
	at org.testng.internal.Invoker.invokeMethod(Invoker.java:661)
	at org.testng.internal.Invoker.invokeTestMethod(Invoker.java:869)
	at org.testng.internal.Invoker.invokeTestMethods(Invoker.java:1193)
	at org.testng.internal.TestMethodWorker.invokeTestMethods(TestMethodWorker.java:126)
	at org.testng.internal.TestMethodWorker.run(TestMethodWorker.java:109)
	at org.testng.TestRunner.privateRun(TestRunner.java:744)
	at org.testng.TestRunner.run(TestRunner.java:602)
	at org.testng.SuiteRunner.runTest(SuiteRunner.java:380)
	at org.testng.SuiteRunner.access$000(SuiteRunner.java:39)
	at org.testng.SuiteRunner$SuiteWorker.run(SuiteRunner.java:414)
	at org.testng.internal.thread.ThreadUtil$1.call(ThreadUtil.java:52)
	at java.util.concurrent.FutureTask.run(FutureTask.java:266)
	at java.util.concurrent.ThreadPoolExecutor.runWorker(ThreadPoolExecutor.java:1142)
	at java.util.concurrent.ThreadPoolExecutor$Worker.run(ThreadPoolExecutor.java:617)
	at java.lang.Thread.run(Thread.java:748)
]]>
            </full-stacktrace>
          </exception> <!-- org.openqa.selenium.NoSuchElementException -->
          <reporter-output>
          </reporter-output>
        </test-method> <!-- Testing_login -->
        <test-method status="PASS" signature="close_Browser()[pri:0, instance:TestHome.Test_Twitter_Inside@35fb3008]" name="close_Browser" is-config="true" duration-ms="937" started-at="2017-09-18T19:55:42Z" finished-at="2017-09-18T19:55:43Z">
          <reporter-output>
          </reporter-output>
        </test-method> <!-- close_Browser -->
      </class> <!-- TestHome.Test_Twitter_Inside -->
      <class name="TestHome.Test_New_Twitter_Account">
        <test-method status="PASS" signature="launch_Browser_Open_Application(java.lang.String, java.lang.String)[pri:0, instance:TestHome.Test_New_Twitter_Account@3cbbc1e0]" name="launch_Browser_Open_Application" is-config="true" duration-ms="12887" started-at="2017-09-18T19:54:42Z" finished-at="2017-09-18T19:54:55Z">
          <params>
            <param index="0">
              <value>
                <![CDATA[chrome]]>
              </value>
            </param>
            <param index="1">
              <value>
                <![CDATA[https://twitter.com/]]>
              </value>
            </param>
          </params>
          <reporter-output>
          </reporter-output>
        </test-method> <!-- launch_Browser_Open_Application -->
        <test-method status="PASS" signature="Create_New_Twitter_Account()[pri:0, instance:TestHome.Test_New_Twitter_Account@3cbbc1e0]" name="Create_New_Twitter_Account" duration-ms="26365" started-at="2017-09-18T19:54:55Z" finished-at="2017-09-18T19:55:22Z">
          <reporter-output>
          </reporter-output>
        </test-method> <!-- Create_New_Twitter_Account -->
        <test-method status="PASS" signature="close_Browser()[pri:0, instance:TestHome.Test_New_Twitter_Account@3cbbc1e0]" name="close_Browser" is-config="true" duration-ms="1002" started-at="2017-09-18T19:55:22Z" finished-at="2017-09-18T19:55:23Z">
          <reporter-output>
          </reporter-output>
        </test-method> <!-- close_Browser -->
      </class> <!-- TestHome.Test_New_Twitter_Account -->
    </test> <!-- TwitterFeatures -->
  </suite> <!-- Twitter -->
</testng-results>
