<?xml version="1.0" encoding="UTF-8"?>
<!-- Generated by org.testng.reporters.JUnitXMLReporter -->
<testsuite hostname="LAPTOP-FFQ1AJ6B" ignored="0" name="WellsFargoFeatures" tests="1" failures="0" timestamp="01 Oct 2017 18:40:58 GMT" time="1.969" errors="0">
  <testcase name="@BeforeMethod setUp" time="1.937" classname="base.CommonAPI">
    <failure type="org.openqa.selenium.WebDriverException" message="Unable to parse remote response: Unsupported OS/browser/version/device combo: OS: &amp;apos;Win&amp;apos;, Browser: &amp;apos;googlechrome&amp;apos;, Version: &amp;apos;latest&amp;apos;, Device: &amp;apos;unspecified&amp;apos;
Build info: version: &amp;apos;3.5.3&amp;apos;, revision: &amp;apos;a88d25fe6b&amp;apos;, time: &amp;apos;2017-08-29T12:42:44.417Z&amp;apos;
System info: host: &amp;apos;LAPTOP-FFQ1AJ6B&amp;apos;, ip: &amp;apos;192.168.184.1&amp;apos;, os.name: &amp;apos;Windows 10&amp;apos;, os.arch: &amp;apos;amd64&amp;apos;, os.version: &amp;apos;10.0&amp;apos;, java.version: &amp;apos;1.8.0_131&amp;apos;
Driver info: driver.version: RemoteWebDriver">
      <![CDATA[org.openqa.selenium.WebDriverException: Unable to parse remote response: Unsupported OS/browser/version/device combo: OS: 'Win', Browser: 'googlechrome', Version: 'latest', Device: 'unspecified'
Build info: version: '3.5.3', revision: 'a88d25fe6b', time: '2017-08-29T12:42:44.417Z'
System info: host: 'LAPTOP-FFQ1AJ6B', ip: '192.168.184.1', os.name: 'Windows 10', os.arch: 'amd64', os.version: '10.0', java.version: '1.8.0_131'
Driver info: driver.version: RemoteWebDriver
	at org.openqa.selenium.remote.ProtocolHandshake.createSession(ProtocolHandshake.java:347)
	at org.openqa.selenium.remote.ProtocolHandshake.createSession(ProtocolHandshake.java:136)
	at org.openqa.selenium.remote.HttpCommandExecutor.execute(HttpCommandExecutor.java:142)
	at org.openqa.selenium.remote.RemoteWebDriver.execute(RemoteWebDriver.java:646)
	at org.openqa.selenium.remote.RemoteWebDriver.startSession(RemoteWebDriver.java:255)
	at org.openqa.selenium.remote.RemoteWebDriver.startSession(RemoteWebDriver.java:237)
	at org.openqa.selenium.remote.RemoteWebDriver.<init>(RemoteWebDriver.java:138)
	at org.openqa.selenium.remote.RemoteWebDriver.<init>(RemoteWebDriver.java:175)
	at base.CommonAPI.get_Cloud_Driver(CommonAPI.java:111)
	at base.CommonAPI.setUp(CommonAPI.java:46)
... Removed 30 stack frames]]>
    </failure>
  </testcase> <!-- @BeforeMethod setUp -->
  <testcase name="SmallBusiness" time="0.0" classname="TestCase.sBusiness">
    <skipped/>
  </testcase> <!-- SmallBusiness -->
</testsuite> <!-- WellsFargoFeatures -->
