<?xml version="1.0" encoding="UTF-8"?>
<testng-results skipped="0" failed="2" ignored="0" total="15" passed="13">
  <reporter-output>
  </reporter-output>
  <suite name="WellsFargo" duration-ms="138487" started-at="2017-09-19T00:01:18Z" finished-at="2017-09-19T00:03:36Z">
    <groups>
    </groups>
    <test name="WellsFargoFeatures" duration-ms="138487" started-at="2017-09-19T00:01:18Z" finished-at="2017-09-19T00:03:36Z">
      <class name="TestCase.TestWellsFago">
        <test-method status="PASS" signature="launch_Browser_Open_Application(java.lang.String, java.lang.String)[pri:0, instance:TestCase.TestWellsFago@1936f0f5]" name="launch_Browser_Open_Application" is-config="true" duration-ms="8692" started-at="2017-09-18T20:01:18Z" finished-at="2017-09-18T20:01:27Z">
          <params>
            <param index="0">
              <value>
                <![CDATA[chrome]]>
              </value>
            </param>
            <param index="1">
              <value>
                <![CDATA[https://www.wellsfargo.com/]]>
              </value>
            </param>
          </params>
          <reporter-output>
          </reporter-output>
        </test-method> <!-- launch_Browser_Open_Application -->
        <test-method status="PASS" signature="WellsHomePage()[pri:0, instance:TestCase.TestWellsFago@1936f0f5]" name="WellsHomePage" duration-ms="2228" started-at="2017-09-18T20:01:27Z" finished-at="2017-09-18T20:01:29Z">
          <reporter-output>
          </reporter-output>
        </test-method> <!-- WellsHomePage -->
        <test-method status="PASS" signature="close_Browser()[pri:0, instance:TestCase.TestWellsFago@1936f0f5]" name="close_Browser" is-config="true" duration-ms="889" started-at="2017-09-18T20:01:29Z" finished-at="2017-09-18T20:01:30Z">
          <reporter-output>
          </reporter-output>
        </test-method> <!-- close_Browser -->
        <test-method status="PASS" signature="launch_Browser_Open_Application(java.lang.String, java.lang.String)[pri:0, instance:TestCase.TestWellsFago@1936f0f5]" name="launch_Browser_Open_Application" is-config="true" duration-ms="6756" started-at="2017-09-18T20:01:30Z" finished-at="2017-09-18T20:01:36Z">
          <params>
            <param index="0">
              <value>
                <![CDATA[chrome]]>
              </value>
            </param>
            <param index="1">
              <value>
                <![CDATA[https://www.wellsfargo.com/]]>
              </value>
            </param>
          </params>
          <reporter-output>
          </reporter-output>
        </test-method> <!-- launch_Browser_Open_Application -->
        <test-method status="PASS" signature="WellsHomePage1()[pri:0, instance:TestCase.TestWellsFago@1936f0f5]" name="WellsHomePage1" duration-ms="2535" started-at="2017-09-18T20:01:36Z" finished-at="2017-09-18T20:01:39Z">
          <reporter-output>
          </reporter-output>
        </test-method> <!-- WellsHomePage1 -->
        <test-method status="PASS" signature="close_Browser()[pri:0, instance:TestCase.TestWellsFago@1936f0f5]" name="close_Browser" is-config="true" duration-ms="814" started-at="2017-09-18T20:01:39Z" finished-at="2017-09-18T20:01:40Z">
          <reporter-output>
          </reporter-output>
        </test-method> <!-- close_Browser -->
        <test-method status="PASS" signature="launch_Browser_Open_Application(java.lang.String, java.lang.String)[pri:0, instance:TestCase.TestWellsFago@1936f0f5]" name="launch_Browser_Open_Application" is-config="true" duration-ms="6847" started-at="2017-09-18T20:01:40Z" finished-at="2017-09-18T20:01:47Z">
          <params>
            <param index="0">
              <value>
                <![CDATA[chrome]]>
              </value>
            </param>
            <param index="1">
              <value>
                <![CDATA[https://www.wellsfargo.com/]]>
              </value>
            </param>
          </params>
          <reporter-output>
          </reporter-output>
        </test-method> <!-- launch_Browser_Open_Application -->
        <test-method status="PASS" signature="WellsHomePage10()[pri:0, instance:TestCase.TestWellsFago@1936f0f5]" name="WellsHomePage10" duration-ms="2311" started-at="2017-09-18T20:01:47Z" finished-at="2017-09-18T20:01:49Z">
          <reporter-output>
          </reporter-output>
        </test-method> <!-- WellsHomePage10 -->
        <test-method status="PASS" signature="close_Browser()[pri:0, instance:TestCase.TestWellsFago@1936f0f5]" name="close_Browser" is-config="true" duration-ms="885" started-at="2017-09-18T20:01:49Z" finished-at="2017-09-18T20:01:50Z">
          <reporter-output>
          </reporter-output>
        </test-method> <!-- close_Browser -->
        <test-method status="PASS" signature="launch_Browser_Open_Application(java.lang.String, java.lang.String)[pri:0, instance:TestCase.TestWellsFago@1936f0f5]" name="launch_Browser_Open_Application" is-config="true" duration-ms="6489" started-at="2017-09-18T20:01:50Z" finished-at="2017-09-18T20:01:56Z">
          <params>
            <param index="0">
              <value>
                <![CDATA[chrome]]>
              </value>
            </param>
            <param index="1">
              <value>
                <![CDATA[https://www.wellsfargo.com/]]>
              </value>
            </param>
          </params>
          <reporter-output>
          </reporter-output>
        </test-method> <!-- launch_Browser_Open_Application -->
        <test-method status="PASS" signature="WellsHomePage11()[pri:0, instance:TestCase.TestWellsFago@1936f0f5]" name="WellsHomePage11" duration-ms="2155" started-at="2017-09-18T20:01:56Z" finished-at="2017-09-18T20:01:58Z">
          <reporter-output>
          </reporter-output>
        </test-method> <!-- WellsHomePage11 -->
        <test-method status="PASS" signature="close_Browser()[pri:0, instance:TestCase.TestWellsFago@1936f0f5]" name="close_Browser" is-config="true" duration-ms="834" started-at="2017-09-18T20:01:58Z" finished-at="2017-09-18T20:01:59Z">
          <reporter-output>
          </reporter-output>
        </test-method> <!-- close_Browser -->
        <test-method status="PASS" signature="launch_Browser_Open_Application(java.lang.String, java.lang.String)[pri:0, instance:TestCase.TestWellsFago@1936f0f5]" name="launch_Browser_Open_Application" is-config="true" duration-ms="6639" started-at="2017-09-18T20:01:59Z" finished-at="2017-09-18T20:02:06Z">
          <params>
            <param index="0">
              <value>
                <![CDATA[chrome]]>
              </value>
            </param>
            <param index="1">
              <value>
                <![CDATA[https://www.wellsfargo.com/]]>
              </value>
            </param>
          </params>
          <reporter-output>
          </reporter-output>
        </test-method> <!-- launch_Browser_Open_Application -->
        <test-method status="FAIL" signature="WellsHomePage12()[pri:0, instance:TestCase.TestWellsFago@1936f0f5]" name="WellsHomePage12" duration-ms="81" started-at="2017-09-18T20:02:06Z" finished-at="2017-09-18T20:02:06Z">
          <exception class="org.openqa.selenium.ElementNotVisibleException">
            <message>
              <![CDATA[element not visible
  (Session info: chrome=60.0.3112.113)
  (Driver info: chromedriver=2.32.498550 (9dec58e66c31bcc53a9ce3c7226f0c1c5810906a),platform=Windows NT 10.0.15063 x86_64) (WARNING: The server did not provide any stacktrace information)
Command duration or timeout: 0 milliseconds
Build info: version: '3.5.3', revision: 'a88d25fe6b', time: '2017-08-29T12:42:44.417Z'
System info: host: 'LAPTOP-FFQ1AJ6B', ip: '192.168.184.1', os.name: 'Windows 10', os.arch: 'amd64', os.version: '10.0', java.version: '1.8.0_131'
Driver info: org.openqa.selenium.chrome.ChromeDriver
Capabilities [{mobileEmulationEnabled=false, hasTouchScreen=false, platform=XP, acceptSslCerts=true, webStorageEnabled=true, browserName=chrome, takesScreenshot=true, javascriptEnabled=true, platformName=XP, setWindowRect=true, unexpectedAlertBehaviour=, applicationCacheEnabled=false, rotatable=false, networkConnectionEnabled=false, chrome={chromedriverVersion=2.32.498550 (9dec58e66c31bcc53a9ce3c7226f0c1c5810906a), userDataDir=C:\Users\sujon\AppData\Local\Temp\scoped_dir6808_22274}, takesHeapSnapshot=true, pageLoadStrategy=normal, unhandledPromptBehavior=, databaseEnabled=false, handlesAlerts=true, version=60.0.3112.113, browserConnectionEnabled=false, nativeEvents=true, locationContextEnabled=true, cssSelectorsEnabled=true}]
Session ID: da9b88e1adb4daceb1c56e89446557d7]]>
            </message>
            <full-stacktrace>
              <![CDATA[org.openqa.selenium.ElementNotVisibleException: element not visible
  (Session info: chrome=60.0.3112.113)
  (Driver info: chromedriver=2.32.498550 (9dec58e66c31bcc53a9ce3c7226f0c1c5810906a),platform=Windows NT 10.0.15063 x86_64) (WARNING: The server did not provide any stacktrace information)
Command duration or timeout: 0 milliseconds
Build info: version: '3.5.3', revision: 'a88d25fe6b', time: '2017-08-29T12:42:44.417Z'
System info: host: 'LAPTOP-FFQ1AJ6B', ip: '192.168.184.1', os.name: 'Windows 10', os.arch: 'amd64', os.version: '10.0', java.version: '1.8.0_131'
Driver info: org.openqa.selenium.chrome.ChromeDriver
Capabilities [{mobileEmulationEnabled=false, hasTouchScreen=false, platform=XP, acceptSslCerts=true, webStorageEnabled=true, browserName=chrome, takesScreenshot=true, javascriptEnabled=true, platformName=XP, setWindowRect=true, unexpectedAlertBehaviour=, applicationCacheEnabled=false, rotatable=false, networkConnectionEnabled=false, chrome={chromedriverVersion=2.32.498550 (9dec58e66c31bcc53a9ce3c7226f0c1c5810906a), userDataDir=C:\Users\sujon\AppData\Local\Temp\scoped_dir6808_22274}, takesHeapSnapshot=true, pageLoadStrategy=normal, unhandledPromptBehavior=, databaseEnabled=false, handlesAlerts=true, version=60.0.3112.113, browserConnectionEnabled=false, nativeEvents=true, locationContextEnabled=true, cssSelectorsEnabled=true}]
Session ID: da9b88e1adb4daceb1c56e89446557d7
	at sun.reflect.NativeConstructorAccessorImpl.newInstance0(Native Method)
	at sun.reflect.NativeConstructorAccessorImpl.newInstance(NativeConstructorAccessorImpl.java:62)
	at sun.reflect.DelegatingConstructorAccessorImpl.newInstance(DelegatingConstructorAccessorImpl.java:45)
	at java.lang.reflect.Constructor.newInstance(Constructor.java:423)
	at org.openqa.selenium.remote.ErrorHandler.createThrowable(ErrorHandler.java:215)
	at org.openqa.selenium.remote.ErrorHandler.throwIfResponseFailed(ErrorHandler.java:167)
	at org.openqa.selenium.remote.http.JsonHttpResponseCodec.reconstructValue(JsonHttpResponseCodec.java:40)
	at org.openqa.selenium.remote.http.AbstractHttpResponseCodec.decode(AbstractHttpResponseCodec.java:82)
	at org.openqa.selenium.remote.http.AbstractHttpResponseCodec.decode(AbstractHttpResponseCodec.java:45)
	at org.openqa.selenium.remote.HttpCommandExecutor.execute(HttpCommandExecutor.java:164)
	at org.openqa.selenium.remote.service.DriverCommandExecutor.execute(DriverCommandExecutor.java:82)
	at org.openqa.selenium.remote.RemoteWebDriver.execute(RemoteWebDriver.java:646)
	at org.openqa.selenium.remote.RemoteWebElement.execute(RemoteWebElement.java:275)
	at org.openqa.selenium.remote.RemoteWebElement.click(RemoteWebElement.java:82)
	at sun.reflect.NativeMethodAccessorImpl.invoke0(Native Method)
	at sun.reflect.NativeMethodAccessorImpl.invoke(NativeMethodAccessorImpl.java:62)
	at sun.reflect.DelegatingMethodAccessorImpl.invoke(DelegatingMethodAccessorImpl.java:43)
	at java.lang.reflect.Method.invoke(Method.java:498)
	at org.openqa.selenium.support.pagefactory.internal.LocatingElementHandler.invoke(LocatingElementHandler.java:51)
	at com.sun.proxy.$Proxy8.click(Unknown Source)
	at WellsFargo_BankFeatures.HomePage.HomePage12(HomePage.java:89)
	at TestCase.TestWellsFago.WellsHomePage12(TestWellsFago.java:73)
	at sun.reflect.NativeMethodAccessorImpl.invoke0(Native Method)
	at sun.reflect.NativeMethodAccessorImpl.invoke(NativeMethodAccessorImpl.java:62)
	at sun.reflect.DelegatingMethodAccessorImpl.invoke(DelegatingMethodAccessorImpl.java:43)
	at java.lang.reflect.Method.invoke(Method.java:498)
	at org.testng.internal.MethodInvocationHelper.invokeMethod(MethodInvocationHelper.java:108)
	at org.testng.internal.Invoker.invokeMethod(Invoker.java:661)
	at org.testng.internal.Invoker.invokeTestMethod(Invoker.java:869)
	at org.testng.internal.Invoker.invokeTestMethods(Invoker.java:1193)
	at org.testng.internal.TestMethodWorker.invokeTestMethods(TestMethodWorker.java:126)
	at org.testng.internal.TestMethodWorker.run(TestMethodWorker.java:109)
	at org.testng.TestRunner.privateRun(TestRunner.java:744)
	at org.testng.TestRunner.run(TestRunner.java:602)
	at org.testng.SuiteRunner.runTest(SuiteRunner.java:380)
	at org.testng.SuiteRunner.access$000(SuiteRunner.java:39)
	at org.testng.SuiteRunner$SuiteWorker.run(SuiteRunner.java:414)
	at org.testng.internal.thread.ThreadUtil$1.call(ThreadUtil.java:52)
	at java.util.concurrent.FutureTask.run(FutureTask.java:266)
	at java.util.concurrent.ThreadPoolExecutor.runWorker(ThreadPoolExecutor.java:1142)
	at java.util.concurrent.ThreadPoolExecutor$Worker.run(ThreadPoolExecutor.java:617)
	at java.lang.Thread.run(Thread.java:748)
]]>
            </full-stacktrace>
          </exception> <!-- org.openqa.selenium.ElementNotVisibleException -->
          <reporter-output>
          </reporter-output>
        </test-method> <!-- WellsHomePage12 -->
        <test-method status="PASS" signature="close_Browser()[pri:0, instance:TestCase.TestWellsFago@1936f0f5]" name="close_Browser" is-config="true" duration-ms="785" started-at="2017-09-18T20:02:06Z" finished-at="2017-09-18T20:02:07Z">
          <reporter-output>
          </reporter-output>
        </test-method> <!-- close_Browser -->
        <test-method status="PASS" signature="launch_Browser_Open_Application(java.lang.String, java.lang.String)[pri:0, instance:TestCase.TestWellsFago@1936f0f5]" name="launch_Browser_Open_Application" is-config="true" duration-ms="6530" started-at="2017-09-18T20:02:07Z" finished-at="2017-09-18T20:02:13Z">
          <params>
            <param index="0">
              <value>
                <![CDATA[chrome]]>
              </value>
            </param>
            <param index="1">
              <value>
                <![CDATA[https://www.wellsfargo.com/]]>
              </value>
            </param>
          </params>
          <reporter-output>
          </reporter-output>
        </test-method> <!-- launch_Browser_Open_Application -->
        <test-method status="FAIL" signature="WellsHomePage13()[pri:0, instance:TestCase.TestWellsFago@1936f0f5]" name="WellsHomePage13" duration-ms="73" started-at="2017-09-18T20:02:13Z" finished-at="2017-09-18T20:02:13Z">
          <exception class="org.openqa.selenium.ElementNotVisibleException">
            <message>
              <![CDATA[element not visible
  (Session info: chrome=60.0.3112.113)
  (Driver info: chromedriver=2.32.498550 (9dec58e66c31bcc53a9ce3c7226f0c1c5810906a),platform=Windows NT 10.0.15063 x86_64) (WARNING: The server did not provide any stacktrace information)
Command duration or timeout: 0 milliseconds
Build info: version: '3.5.3', revision: 'a88d25fe6b', time: '2017-08-29T12:42:44.417Z'
System info: host: 'LAPTOP-FFQ1AJ6B', ip: '192.168.184.1', os.name: 'Windows 10', os.arch: 'amd64', os.version: '10.0', java.version: '1.8.0_131'
Driver info: org.openqa.selenium.chrome.ChromeDriver
Capabilities [{mobileEmulationEnabled=false, hasTouchScreen=false, platform=XP, acceptSslCerts=true, webStorageEnabled=true, browserName=chrome, takesScreenshot=true, javascriptEnabled=true, platformName=XP, setWindowRect=true, unexpectedAlertBehaviour=, applicationCacheEnabled=false, rotatable=false, networkConnectionEnabled=false, chrome={chromedriverVersion=2.32.498550 (9dec58e66c31bcc53a9ce3c7226f0c1c5810906a), userDataDir=C:\Users\sujon\AppData\Local\Temp\scoped_dir6680_30370}, takesHeapSnapshot=true, pageLoadStrategy=normal, unhandledPromptBehavior=, databaseEnabled=false, handlesAlerts=true, version=60.0.3112.113, browserConnectionEnabled=false, nativeEvents=true, locationContextEnabled=true, cssSelectorsEnabled=true}]
Session ID: e820d501130e2470b43b92cd5736d72b]]>
            </message>
            <full-stacktrace>
              <![CDATA[org.openqa.selenium.ElementNotVisibleException: element not visible
  (Session info: chrome=60.0.3112.113)
  (Driver info: chromedriver=2.32.498550 (9dec58e66c31bcc53a9ce3c7226f0c1c5810906a),platform=Windows NT 10.0.15063 x86_64) (WARNING: The server did not provide any stacktrace information)
Command duration or timeout: 0 milliseconds
Build info: version: '3.5.3', revision: 'a88d25fe6b', time: '2017-08-29T12:42:44.417Z'
System info: host: 'LAPTOP-FFQ1AJ6B', ip: '192.168.184.1', os.name: 'Windows 10', os.arch: 'amd64', os.version: '10.0', java.version: '1.8.0_131'
Driver info: org.openqa.selenium.chrome.ChromeDriver
Capabilities [{mobileEmulationEnabled=false, hasTouchScreen=false, platform=XP, acceptSslCerts=true, webStorageEnabled=true, browserName=chrome, takesScreenshot=true, javascriptEnabled=true, platformName=XP, setWindowRect=true, unexpectedAlertBehaviour=, applicationCacheEnabled=false, rotatable=false, networkConnectionEnabled=false, chrome={chromedriverVersion=2.32.498550 (9dec58e66c31bcc53a9ce3c7226f0c1c5810906a), userDataDir=C:\Users\sujon\AppData\Local\Temp\scoped_dir6680_30370}, takesHeapSnapshot=true, pageLoadStrategy=normal, unhandledPromptBehavior=, databaseEnabled=false, handlesAlerts=true, version=60.0.3112.113, browserConnectionEnabled=false, nativeEvents=true, locationContextEnabled=true, cssSelectorsEnabled=true}]
Session ID: e820d501130e2470b43b92cd5736d72b
	at sun.reflect.NativeConstructorAccessorImpl.newInstance0(Native Method)
	at sun.reflect.NativeConstructorAccessorImpl.newInstance(NativeConstructorAccessorImpl.java:62)
	at sun.reflect.DelegatingConstructorAccessorImpl.newInstance(DelegatingConstructorAccessorImpl.java:45)
	at java.lang.reflect.Constructor.newInstance(Constructor.java:423)
	at org.openqa.selenium.remote.ErrorHandler.createThrowable(ErrorHandler.java:215)
	at org.openqa.selenium.remote.ErrorHandler.throwIfResponseFailed(ErrorHandler.java:167)
	at org.openqa.selenium.remote.http.JsonHttpResponseCodec.reconstructValue(JsonHttpResponseCodec.java:40)
	at org.openqa.selenium.remote.http.AbstractHttpResponseCodec.decode(AbstractHttpResponseCodec.java:82)
	at org.openqa.selenium.remote.http.AbstractHttpResponseCodec.decode(AbstractHttpResponseCodec.java:45)
	at org.openqa.selenium.remote.HttpCommandExecutor.execute(HttpCommandExecutor.java:164)
	at org.openqa.selenium.remote.service.DriverCommandExecutor.execute(DriverCommandExecutor.java:82)
	at org.openqa.selenium.remote.RemoteWebDriver.execute(RemoteWebDriver.java:646)
	at org.openqa.selenium.remote.RemoteWebElement.execute(RemoteWebElement.java:275)
	at org.openqa.selenium.remote.RemoteWebElement.click(RemoteWebElement.java:82)
	at sun.reflect.NativeMethodAccessorImpl.invoke0(Native Method)
	at sun.reflect.NativeMethodAccessorImpl.invoke(NativeMethodAccessorImpl.java:62)
	at sun.reflect.DelegatingMethodAccessorImpl.invoke(DelegatingMethodAccessorImpl.java:43)
	at java.lang.reflect.Method.invoke(Method.java:498)
	at org.openqa.selenium.support.pagefactory.internal.LocatingElementHandler.invoke(LocatingElementHandler.java:51)
	at com.sun.proxy.$Proxy8.click(Unknown Source)
	at WellsFargo_BankFeatures.HomePage.HomePage13(HomePage.java:92)
	at TestCase.TestWellsFago.WellsHomePage13(TestWellsFago.java:78)
	at sun.reflect.NativeMethodAccessorImpl.invoke0(Native Method)
	at sun.reflect.NativeMethodAccessorImpl.invoke(NativeMethodAccessorImpl.java:62)
	at sun.reflect.DelegatingMethodAccessorImpl.invoke(DelegatingMethodAccessorImpl.java:43)
	at java.lang.reflect.Method.invoke(Method.java:498)
	at org.testng.internal.MethodInvocationHelper.invokeMethod(MethodInvocationHelper.java:108)
	at org.testng.internal.Invoker.invokeMethod(Invoker.java:661)
	at org.testng.internal.Invoker.invokeTestMethod(Invoker.java:869)
	at org.testng.internal.Invoker.invokeTestMethods(Invoker.java:1193)
	at org.testng.internal.TestMethodWorker.invokeTestMethods(TestMethodWorker.java:126)
	at org.testng.internal.TestMethodWorker.run(TestMethodWorker.java:109)
	at org.testng.TestRunner.privateRun(TestRunner.java:744)
	at org.testng.TestRunner.run(TestRunner.java:602)
	at org.testng.SuiteRunner.runTest(SuiteRunner.java:380)
	at org.testng.SuiteRunner.access$000(SuiteRunner.java:39)
	at org.testng.SuiteRunner$SuiteWorker.run(SuiteRunner.java:414)
	at org.testng.internal.thread.ThreadUtil$1.call(ThreadUtil.java:52)
	at java.util.concurrent.FutureTask.run(FutureTask.java:266)
	at java.util.concurrent.ThreadPoolExecutor.runWorker(ThreadPoolExecutor.java:1142)
	at java.util.concurrent.ThreadPoolExecutor$Worker.run(ThreadPoolExecutor.java:617)
	at java.lang.Thread.run(Thread.java:748)
]]>
            </full-stacktrace>
          </exception> <!-- org.openqa.selenium.ElementNotVisibleException -->
          <reporter-output>
          </reporter-output>
        </test-method> <!-- WellsHomePage13 -->
        <test-method status="PASS" signature="close_Browser()[pri:0, instance:TestCase.TestWellsFago@1936f0f5]" name="close_Browser" is-config="true" duration-ms="974" started-at="2017-09-18T20:02:13Z" finished-at="2017-09-18T20:02:14Z">
          <reporter-output>
          </reporter-output>
        </test-method> <!-- close_Browser -->
        <test-method status="PASS" signature="launch_Browser_Open_Application(java.lang.String, java.lang.String)[pri:0, instance:TestCase.TestWellsFago@1936f0f5]" name="launch_Browser_Open_Application" is-config="true" duration-ms="6600" started-at="2017-09-18T20:02:14Z" finished-at="2017-09-18T20:02:21Z">
          <params>
            <param index="0">
              <value>
                <![CDATA[chrome]]>
              </value>
            </param>
            <param index="1">
              <value>
                <![CDATA[https://www.wellsfargo.com/]]>
              </value>
            </param>
          </params>
          <reporter-output>
          </reporter-output>
        </test-method> <!-- launch_Browser_Open_Application -->
        <test-method status="PASS" signature="WellsHomePage14()[pri:0, instance:TestCase.TestWellsFago@1936f0f5]" name="WellsHomePage14" duration-ms="1721" started-at="2017-09-18T20:02:21Z" finished-at="2017-09-18T20:02:23Z">
          <reporter-output>
          </reporter-output>
        </test-method> <!-- WellsHomePage14 -->
        <test-method status="PASS" signature="close_Browser()[pri:0, instance:TestCase.TestWellsFago@1936f0f5]" name="close_Browser" is-config="true" duration-ms="809" started-at="2017-09-18T20:02:23Z" finished-at="2017-09-18T20:02:24Z">
          <reporter-output>
          </reporter-output>
        </test-method> <!-- close_Browser -->
        <test-method status="PASS" signature="launch_Browser_Open_Application(java.lang.String, java.lang.String)[pri:0, instance:TestCase.TestWellsFago@1936f0f5]" name="launch_Browser_Open_Application" is-config="true" duration-ms="7066" started-at="2017-09-18T20:02:24Z" finished-at="2017-09-18T20:02:31Z">
          <params>
            <param index="0">
              <value>
                <![CDATA[chrome]]>
              </value>
            </param>
            <param index="1">
              <value>
                <![CDATA[https://www.wellsfargo.com/]]>
              </value>
            </param>
          </params>
          <reporter-output>
          </reporter-output>
        </test-method> <!-- launch_Browser_Open_Application -->
        <test-method status="PASS" signature="WellsHomePage2()[pri:0, instance:TestCase.TestWellsFago@1936f0f5]" name="WellsHomePage2" duration-ms="127" started-at="2017-09-18T20:02:31Z" finished-at="2017-09-18T20:02:31Z">
          <reporter-output>
          </reporter-output>
        </test-method> <!-- WellsHomePage2 -->
        <test-method status="PASS" signature="close_Browser()[pri:0, instance:TestCase.TestWellsFago@1936f0f5]" name="close_Browser" is-config="true" duration-ms="801" started-at="2017-09-18T20:02:31Z" finished-at="2017-09-18T20:02:32Z">
          <reporter-output>
          </reporter-output>
        </test-method> <!-- close_Browser -->
        <test-method status="PASS" signature="launch_Browser_Open_Application(java.lang.String, java.lang.String)[pri:0, instance:TestCase.TestWellsFago@1936f0f5]" name="launch_Browser_Open_Application" is-config="true" duration-ms="9015" started-at="2017-09-18T20:02:32Z" finished-at="2017-09-18T20:02:41Z">
          <params>
            <param index="0">
              <value>
                <![CDATA[chrome]]>
              </value>
            </param>
            <param index="1">
              <value>
                <![CDATA[https://www.wellsfargo.com/]]>
              </value>
            </param>
          </params>
          <reporter-output>
          </reporter-output>
        </test-method> <!-- launch_Browser_Open_Application -->
        <test-method status="PASS" signature="WellsHomePage3()[pri:0, instance:TestCase.TestWellsFago@1936f0f5]" name="WellsHomePage3" duration-ms="196" started-at="2017-09-18T20:02:41Z" finished-at="2017-09-18T20:02:41Z">
          <reporter-output>
          </reporter-output>
        </test-method> <!-- WellsHomePage3 -->
        <test-method status="PASS" signature="close_Browser()[pri:0, instance:TestCase.TestWellsFago@1936f0f5]" name="close_Browser" is-config="true" duration-ms="1062" started-at="2017-09-18T20:02:41Z" finished-at="2017-09-18T20:02:42Z">
          <reporter-output>
          </reporter-output>
        </test-method> <!-- close_Browser -->
        <test-method status="PASS" signature="launch_Browser_Open_Application(java.lang.String, java.lang.String)[pri:0, instance:TestCase.TestWellsFago@1936f0f5]" name="launch_Browser_Open_Application" is-config="true" duration-ms="6568" started-at="2017-09-18T20:02:42Z" finished-at="2017-09-18T20:02:48Z">
          <params>
            <param index="0">
              <value>
                <![CDATA[chrome]]>
              </value>
            </param>
            <param index="1">
              <value>
                <![CDATA[https://www.wellsfargo.com/]]>
              </value>
            </param>
          </params>
          <reporter-output>
          </reporter-output>
        </test-method> <!-- launch_Browser_Open_Application -->
        <test-method status="PASS" signature="WellsHomePage4()[pri:0, instance:TestCase.TestWellsFago@1936f0f5]" name="WellsHomePage4" duration-ms="134" started-at="2017-09-18T20:02:48Z" finished-at="2017-09-18T20:02:49Z">
          <reporter-output>
          </reporter-output>
        </test-method> <!-- WellsHomePage4 -->
        <test-method status="PASS" signature="close_Browser()[pri:0, instance:TestCase.TestWellsFago@1936f0f5]" name="close_Browser" is-config="true" duration-ms="842" started-at="2017-09-18T20:02:49Z" finished-at="2017-09-18T20:02:49Z">
          <reporter-output>
          </reporter-output>
        </test-method> <!-- close_Browser -->
        <test-method status="PASS" signature="launch_Browser_Open_Application(java.lang.String, java.lang.String)[pri:0, instance:TestCase.TestWellsFago@1936f0f5]" name="launch_Browser_Open_Application" is-config="true" duration-ms="7848" started-at="2017-09-18T20:02:49Z" finished-at="2017-09-18T20:02:57Z">
          <params>
            <param index="0">
              <value>
                <![CDATA[chrome]]>
              </value>
            </param>
            <param index="1">
              <value>
                <![CDATA[https://www.wellsfargo.com/]]>
              </value>
            </param>
          </params>
          <reporter-output>
          </reporter-output>
        </test-method> <!-- launch_Browser_Open_Application -->
        <test-method status="PASS" signature="WellsHomePage5()[pri:0, instance:TestCase.TestWellsFago@1936f0f5]" name="WellsHomePage5" duration-ms="232" started-at="2017-09-18T20:02:57Z" finished-at="2017-09-18T20:02:57Z">
          <reporter-output>
          </reporter-output>
        </test-method> <!-- WellsHomePage5 -->
        <test-method status="PASS" signature="close_Browser()[pri:0, instance:TestCase.TestWellsFago@1936f0f5]" name="close_Browser" is-config="true" duration-ms="802" started-at="2017-09-18T20:02:57Z" finished-at="2017-09-18T20:02:58Z">
          <reporter-output>
          </reporter-output>
        </test-method> <!-- close_Browser -->
        <test-method status="PASS" signature="launch_Browser_Open_Application(java.lang.String, java.lang.String)[pri:0, instance:TestCase.TestWellsFago@1936f0f5]" name="launch_Browser_Open_Application" is-config="true" duration-ms="6348" started-at="2017-09-18T20:02:58Z" finished-at="2017-09-18T20:03:05Z">
          <params>
            <param index="0">
              <value>
                <![CDATA[chrome]]>
              </value>
            </param>
            <param index="1">
              <value>
                <![CDATA[https://www.wellsfargo.com/]]>
              </value>
            </param>
          </params>
          <reporter-output>
          </reporter-output>
        </test-method> <!-- launch_Browser_Open_Application -->
        <test-method status="PASS" signature="WellsHomePage6()[pri:0, instance:TestCase.TestWellsFago@1936f0f5]" name="WellsHomePage6" duration-ms="144" started-at="2017-09-18T20:03:05Z" finished-at="2017-09-18T20:03:05Z">
          <reporter-output>
          </reporter-output>
        </test-method> <!-- WellsHomePage6 -->
        <test-method status="PASS" signature="close_Browser()[pri:0, instance:TestCase.TestWellsFago@1936f0f5]" name="close_Browser" is-config="true" duration-ms="792" started-at="2017-09-18T20:03:05Z" finished-at="2017-09-18T20:03:06Z">
          <reporter-output>
          </reporter-output>
        </test-method> <!-- close_Browser -->
        <test-method status="PASS" signature="launch_Browser_Open_Application(java.lang.String, java.lang.String)[pri:0, instance:TestCase.TestWellsFago@1936f0f5]" name="launch_Browser_Open_Application" is-config="true" duration-ms="6557" started-at="2017-09-18T20:03:06Z" finished-at="2017-09-18T20:03:12Z">
          <params>
            <param index="0">
              <value>
                <![CDATA[chrome]]>
              </value>
            </param>
            <param index="1">
              <value>
                <![CDATA[https://www.wellsfargo.com/]]>
              </value>
            </param>
          </params>
          <reporter-output>
          </reporter-output>
        </test-method> <!-- launch_Browser_Open_Application -->
        <test-method status="PASS" signature="WellsHomePage7()[pri:0, instance:TestCase.TestWellsFago@1936f0f5]" name="WellsHomePage7" duration-ms="4303" started-at="2017-09-18T20:03:12Z" finished-at="2017-09-18T20:03:16Z">
          <reporter-output>
          </reporter-output>
        </test-method> <!-- WellsHomePage7 -->
        <test-method status="PASS" signature="close_Browser()[pri:0, instance:TestCase.TestWellsFago@1936f0f5]" name="close_Browser" is-config="true" duration-ms="836" started-at="2017-09-18T20:03:16Z" finished-at="2017-09-18T20:03:17Z">
          <reporter-output>
          </reporter-output>
        </test-method> <!-- close_Browser -->
        <test-method status="PASS" signature="launch_Browser_Open_Application(java.lang.String, java.lang.String)[pri:0, instance:TestCase.TestWellsFago@1936f0f5]" name="launch_Browser_Open_Application" is-config="true" duration-ms="6899" started-at="2017-09-18T20:03:17Z" finished-at="2017-09-18T20:03:24Z">
          <params>
            <param index="0">
              <value>
                <![CDATA[chrome]]>
              </value>
            </param>
            <param index="1">
              <value>
                <![CDATA[https://www.wellsfargo.com/]]>
              </value>
            </param>
          </params>
          <reporter-output>
          </reporter-output>
        </test-method> <!-- launch_Browser_Open_Application -->
        <test-method status="PASS" signature="WellsHomePage8()[pri:0, instance:TestCase.TestWellsFago@1936f0f5]" name="WellsHomePage8" duration-ms="2177" started-at="2017-09-18T20:03:24Z" finished-at="2017-09-18T20:03:26Z">
          <reporter-output>
          </reporter-output>
        </test-method> <!-- WellsHomePage8 -->
        <test-method status="PASS" signature="close_Browser()[pri:0, instance:TestCase.TestWellsFago@1936f0f5]" name="close_Browser" is-config="true" duration-ms="826" started-at="2017-09-18T20:03:26Z" finished-at="2017-09-18T20:03:27Z">
          <reporter-output>
          </reporter-output>
        </test-method> <!-- close_Browser -->
        <test-method status="PASS" signature="launch_Browser_Open_Application(java.lang.String, java.lang.String)[pri:0, instance:TestCase.TestWellsFago@1936f0f5]" name="launch_Browser_Open_Application" is-config="true" duration-ms="6764" started-at="2017-09-18T20:03:27Z" finished-at="2017-09-18T20:03:34Z">
          <params>
            <param index="0">
              <value>
                <![CDATA[chrome]]>
              </value>
            </param>
            <param index="1">
              <value>
                <![CDATA[https://www.wellsfargo.com/]]>
              </value>
            </param>
          </params>
          <reporter-output>
          </reporter-output>
        </test-method> <!-- launch_Browser_Open_Application -->
        <test-method status="PASS" signature="WellsHomePage9()[pri:0, instance:TestCase.TestWellsFago@1936f0f5]" name="WellsHomePage9" duration-ms="1676" started-at="2017-09-18T20:03:34Z" finished-at="2017-09-18T20:03:36Z">
          <reporter-output>
          </reporter-output>
        </test-method> <!-- WellsHomePage9 -->
        <test-method status="PASS" signature="close_Browser()[pri:0, instance:TestCase.TestWellsFago@1936f0f5]" name="close_Browser" is-config="true" duration-ms="781" started-at="2017-09-18T20:03:36Z" finished-at="2017-09-18T20:03:36Z">
          <reporter-output>
          </reporter-output>
        </test-method> <!-- close_Browser -->
      </class> <!-- TestCase.TestWellsFago -->
    </test> <!-- WellsFargoFeatures -->
  </suite> <!-- WellsFargo -->
</testng-results>
