<?xml version="1.0" encoding="UTF-8"?>
<!-- Generated by org.testng.reporters.JUnitReportReporter -->
<testsuite skipped="11" hostname="SAYEM" name="testWikipedia.TestWikiHome" tests="12" failures="0" timestamp="01 Oct 2017 15:06:00 GMT" time="0.010" errors="1">
  <testcase name="testGrmn" time="0.000" classname="testWikipedia.TestWikiHome">
    <skipped/>
  </testcase> <!-- testGrmn -->
  <testcase name="testRus" time="0.000" classname="testWikipedia.TestWikiHome">
    <skipped/>
  </testcase> <!-- testRus -->
  <testcase name="testEng" time="0.000" classname="testWikipedia.TestWikiHome">
    <skipped/>
  </testcase> <!-- testEng -->
  <testcase name="setUp" time="0.010" classname="testWikipedia.TestWikiHome">
    <error type="java.lang.IllegalArgumentException">
      <![CDATA[java.lang.IllegalArgumentException
	at sun.reflect.NativeMethodAccessorImpl.invoke0(Native Method)
	at sun.reflect.NativeMethodAccessorImpl.invoke(NativeMethodAccessorImpl.java:62)
	at sun.reflect.DelegatingMethodAccessorImpl.invoke(DelegatingMethodAccessorImpl.java:43)
	at java.lang.reflect.Method.invoke(Method.java:498)
	at org.testng.internal.MethodInvocationHelper.invokeMethod(MethodInvocationHelper.java:108)
	at org.testng.internal.Invoker.invokeConfigurationMethod(Invoker.java:523)
	at org.testng.internal.Invoker.invokeConfigurations(Invoker.java:224)
	at org.testng.internal.Invoker.invokeMethod(Invoker.java:599)
	at org.testng.internal.Invoker.invokeTestMethod(Invoker.java:869)
	at org.testng.internal.Invoker.invokeTestMethods(Invoker.java:1193)
	at org.testng.internal.TestMethodWorker.invokeTestMethods(TestMethodWorker.java:126)
	at org.testng.internal.TestMethodWorker.run(TestMethodWorker.java:109)
	at org.testng.TestRunner.privateRun(TestRunner.java:744)
	at org.testng.TestRunner.run(TestRunner.java:602)
	at org.testng.SuiteRunner.runTest(SuiteRunner.java:380)
	at org.testng.SuiteRunner.runSequentially(SuiteRunner.java:375)
	at org.testng.SuiteRunner.privateRun(SuiteRunner.java:340)
	at org.testng.SuiteRunner.run(SuiteRunner.java:289)
	at org.testng.SuiteRunnerWorker.runSuite(SuiteRunnerWorker.java:52)
	at org.testng.SuiteRunnerWorker.run(SuiteRunnerWorker.java:86)
	at org.testng.TestNG.runSuitesSequentially(TestNG.java:1301)
	at org.testng.TestNG.runSuitesLocally(TestNG.java:1226)
	at org.testng.TestNG.runSuites(TestNG.java:1144)
	at org.testng.TestNG.run(TestNG.java:1115)
	at org.apache.maven.surefire.testng.TestNGExecutor.run(TestNGExecutor.java:77)
	at org.apache.maven.surefire.testng.TestNGDirectoryTestSuite.executeMulti(TestNGDirectoryTestSuite.java:159)
	at org.apache.maven.surefire.testng.TestNGDirectoryTestSuite.execute(TestNGDirectoryTestSuite.java:99)
	at org.apache.maven.surefire.testng.TestNGProvider.invoke(TestNGProvider.java:106)
	at sun.reflect.NativeMethodAccessorImpl.invoke0(Native Method)
	at sun.reflect.NativeMethodAccessorImpl.invoke(NativeMethodAccessorImpl.java:62)
	at sun.reflect.DelegatingMethodAccessorImpl.invoke(DelegatingMethodAccessorImpl.java:43)
	at java.lang.reflect.Method.invoke(Method.java:498)
	at org.apache.maven.surefire.util.ReflectionUtils.invokeMethodWithArray(ReflectionUtils.java:189)
	at org.apache.maven.surefire.booter.ProviderFactory$ProviderProxy.invoke(ProviderFactory.java:165)
	at org.apache.maven.surefire.booter.ProviderFactory.invokeProvider(ProviderFactory.java:85)
	at org.apache.maven.surefire.booter.ForkedBooter.runSuitesInProcess(ForkedBooter.java:115)
	at org.apache.maven.surefire.booter.ForkedBooter.main(ForkedBooter.java:75)
]]>
    </error>
  </testcase> <!-- setUp -->
  <testcase name="testEsp" time="0.000" classname="testWikipedia.TestWikiHome">
    <skipped/>
  </testcase> <!-- testEsp -->
  <testcase name="testJpn" time="0.000" classname="testWikipedia.TestWikiHome">
    <skipped/>
  </testcase> <!-- testJpn -->
  <testcase name="testPol" time="0.000" classname="testWikipedia.TestWikiHome">
    <skipped/>
  </testcase> <!-- testPol -->
  <testcase name="testChn" time="0.000" classname="testWikipedia.TestWikiHome">
    <skipped/>
  </testcase> <!-- testChn -->
  <testcase name="testPor" time="0.000" classname="testWikipedia.TestWikiHome">
    <skipped/>
  </testcase> <!-- testPor -->
  <testcase name="testIta" time="0.000" classname="testWikipedia.TestWikiHome">
    <skipped/>
  </testcase> <!-- testIta -->
  <testcase name="testFrnch" time="0.000" classname="testWikipedia.TestWikiHome">
    <skipped/>
  </testcase> <!-- testFrnch -->
  <testcase name="testLangList" time="0.000" classname="testWikipedia.TestWikiHome">
    <skipped/>
  </testcase> <!-- testLangList -->
</testsuite> <!-- testWikipedia.TestWikiHome -->
