<?xml version="1.0" encoding="UTF-8"?>
<!-- Generated by org.testng.reporters.JUnitReportReporter -->
<testsuite skipped="5" hostname="SAYEM" name="testWikipedia.TestWikiMainPage" tests="5" failures="0" timestamp="30 Sep 2017 17:05:21 GMT" time="0.000" errors="0">
  <testcase name="loginPage" time="0.000" classname="testWikipedia.TestWikiMainPage">
    <skipped/>
  </testcase> <!-- loginPage -->
  <testcase name="searchCont" time="0.000" classname="testWikipedia.TestWikiMainPage">
    <skipped/>
  </testcase> <!-- searchCont -->
  <testcase name="testViewHistorybtn" time="0.000" classname="testWikipedia.TestWikiMainPage">
    <skipped/>
  </testcase> <!-- testViewHistorybtn -->
  <testcase name="testTalk" time="0.000" classname="testWikipedia.TestWikiMainPage">
    <skipped/>
  </testcase> <!-- testTalk -->
  <testcase name="createAccountPage" time="0.000" classname="testWikipedia.TestWikiMainPage">
    <skipped/>
  </testcase> <!-- createAccountPage -->
</testsuite> <!-- testWikipedia.TestWikiMainPage -->
