<?xml version="1.0" encoding="UTF-8"?>
<testsuite xmlns:xsi="http://www.w3.org/2001/XMLSchema-instance" xsi:schemaLocation="https://maven.apache.org/surefire/maven-surefire-plugin/xsd/surefire-test-report.xsd" name="TestSuite" time="30.656" tests="42" errors="0" skipped="41" failures="1">
  <properties>
[...]
</properties>
  <testcase name="setUp" classname="testWikipedia.TestWikiHome" time="0.318">
    <failure type="java.lang.IllegalArgumentException">java.lang.IllegalArgumentException
</failure>
  </testcase>
  <testcase name="setUp" classname="testWikipedia.TestWikiHome" time="0">
    <skipped/>
  </testcase>
  <testcase name="setUp" classname="testWikipedia.TestWikiHome" time="0">
    <skipped/>
  </testcase>
  <testcase name="setUp" classname="testWikipedia.TestWikiHome" time="0">
    <skipped/>
  </testcase>
  <testcase name="setUp" classname="testWikipedia.TestWikiHome" time="0">
    <skipped/>
  </testcase>
  <testcase name="setUp" classname="testWikipedia.TestWikiHome" time="0">
    <skipped/>
  </testcase>
  <testcase name="setUp" classname="testWikipedia.TestWikiHome" time="0">
    <skipped/>
  </testcase>
  <testcase name="setUp" classname="testWikipedia.TestWikiHome" time="0">
    <skipped/>
  </testcase>
  <testcase name="setUp" classname="testWikipedia.TestWikiHome" time="0">
    <skipped/>
  </testcase>
  <testcase name="setUp" classname="testWikipedia.TestWikiHome" time="0">
    <skipped/>
  </testcase>
  <testcase name="setUp" classname="testWikipedia.TestWikiHome" time="0">
    <skipped/>
  </testcase>
  <testcase name="testChn" classname="testWikipedia.TestWikiHome" time="0">
    <skipped/>
  </testcase>
  <testcase name="testEng" classname="testWikipedia.TestWikiHome" time="0">
    <skipped/>
  </testcase>
  <testcase name="testEsp" classname="testWikipedia.TestWikiHome" time="0">
    <skipped/>
  </testcase>
  <testcase name="testFrnch" classname="testWikipedia.TestWikiHome" time="0">
    <skipped/>
  </testcase>
  <testcase name="testGrmn" classname="testWikipedia.TestWikiHome" time="0">
    <skipped/>
  </testcase>
  <testcase name="testIta" classname="testWikipedia.TestWikiHome" time="0">
    <skipped/>
  </testcase>
  <testcase name="testJpn" classname="testWikipedia.TestWikiHome" time="0">
    <skipped/>
  </testcase>
  <testcase name="testLangList" classname="testWikipedia.TestWikiHome" time="0">
    <skipped/>
  </testcase>
  <testcase name="testPol" classname="testWikipedia.TestWikiHome" time="0">
    <skipped/>
  </testcase>
  <testcase name="testPor" classname="testWikipedia.TestWikiHome" time="0">
    <skipped/>
  </testcase>
  <testcase name="testRus" classname="testWikipedia.TestWikiHome" time="0">
    <skipped/>
  </testcase>
  <testcase name="setUp" classname="testWikipedia.testWikiSearchOption" time="0">
    <skipped/>
  </testcase>
  <testcase name="searchOption" classname="testWikipedia.testWikiSearchOption" time="0">
    <skipped/>
  </testcase>
  <testcase name="setUp" classname="testWikipedia.TestWikiMainPage" time="0">
    <skipped/>
  </testcase>
  <testcase name="setUp" classname="testWikipedia.TestWikiMainPage" time="0">
    <skipped/>
  </testcase>
  <testcase name="setUp" classname="testWikipedia.TestWikiMainPage" time="0">
    <skipped/>
  </testcase>
  <testcase name="setUp" classname="testWikipedia.TestWikiMainPage" time="0">
    <skipped/>
  </testcase>
  <testcase name="createAccountPage" classname="testWikipedia.TestWikiMainPage" time="0">
    <skipped/>
  </testcase>
  <testcase name="loginPage" classname="testWikipedia.TestWikiMainPage" time="0">
    <skipped/>
  </testcase>
  <testcase name="searchCont" classname="testWikipedia.TestWikiMainPage" time="0">
    <skipped/>
  </testcase>
  <testcase name="testTalk" classname="testWikipedia.TestWikiMainPage" time="0">
    <skipped/>
  </testcase>
  <testcase name="setUp" classname="testWikipedia.testWikiCreateAccount" time="0">
    <skipped/>
  </testcase>
  <testcase name="loggingIn" classname="testWikipedia.testWikiCreateAccount" time="0">
    <skipped/>
  </testcase>
  <testcase name="setUp" classname="testWikipedia.testWikiLoginPage" time="0">
    <skipped/>
  </testcase>
  <testcase name="setUp" classname="testWikipedia.testWikiLoginPage" time="0">
    <skipped/>
  </testcase>
  <testcase name="setUp" classname="testWikipedia.testWikiLoginPage" time="0">
    <skipped/>
  </testcase>
  <testcase name="setUp" classname="testWikipedia.testWikiLoginPage" time="0">
    <skipped/>
  </testcase>
  <testcase name="ForgetPass" classname="testWikipedia.testWikiLoginPage" time="0">
    <skipped/>
  </testcase>
  <testcase name="getHelpWithLogin" classname="testWikipedia.testWikiLoginPage" time="0">
    <skipped/>
  </testcase>
  <testcase name="joinWikiPage" classname="testWikipedia.testWikiLoginPage" time="0">
    <skipped/>
  </testcase>
  <testcase name="loggingIn" classname="testWikipedia.testWikiLoginPage" time="0">
    <skipped/>
  </testcase>
</testsuite>