<?xml version="1.0" encoding="UTF-8" ?>
<testsuite tests="32" failures="1" name="TestSuite" time="22.851" errors="0" skipped="31">
  <properties>
[...]
</properties>
  <testcase classname="testWikipedia.TestWikiHome" name="setUp" time="0.701">
    <failure type="java.lang.IllegalArgumentException">java.lang.IllegalArgumentException
	at sun.reflect.NativeMethodAccessorImpl.invoke0(Native Method)
	at sun.reflect.NativeMethodAccessorImpl.invoke(NativeMethodAccessorImpl.java:62)
	at sun.reflect.DelegatingMethodAccessorImpl.invoke(DelegatingMethodAccessorImpl.java:43)
	at java.lang.reflect.Method.invoke(Method.java:498)
	at org.testng.internal.MethodInvocationHelper.invokeMethod(MethodInvocationHelper.java:108)
	at org.testng.internal.Invoker.invokeConfigurationMethod(Invoker.java:523)
	at org.testng.internal.Invoker.invokeConfigurations(Invoker.java:224)
	at org.testng.internal.Invoker.invokeMethod(Invoker.java:599)
	at org.testng.internal.Invoker.invokeTestMethod(Invoker.java:869)
	at org.testng.internal.Invoker.invokeTestMethods(Invoker.java:1193)
	at org.testng.internal.TestMethodWorker.invokeTestMethods(TestMethodWorker.java:126)
	at org.testng.internal.TestMethodWorker.run(TestMethodWorker.java:109)
	at org.testng.TestRunner.privateRun(TestRunner.java:744)
	at org.testng.TestRunner.run(TestRunner.java:602)
	at org.testng.SuiteRunner.runTest(SuiteRunner.java:380)
	at org.testng.SuiteRunner.runSequentially(SuiteRunner.java:375)
	at org.testng.SuiteRunner.privateRun(SuiteRunner.java:340)
	at org.testng.SuiteRunner.run(SuiteRunner.java:289)
	at org.testng.SuiteRunnerWorker.runSuite(SuiteRunnerWorker.java:52)
	at org.testng.SuiteRunnerWorker.run(SuiteRunnerWorker.java:86)
	at org.testng.TestNG.runSuitesSequentially(TestNG.java:1301)
	at org.testng.TestNG.runSuitesLocally(TestNG.java:1226)
	at org.testng.TestNG.runSuites(TestNG.java:1144)
	at org.testng.TestNG.run(TestNG.java:1115)
	at org.apache.maven.surefire.testng.TestNGExecutor.run(TestNGExecutor.java:77)
	at org.apache.maven.surefire.testng.TestNGDirectoryTestSuite.executeMulti(TestNGDirectoryTestSuite.java:159)
	at org.apache.maven.surefire.testng.TestNGDirectoryTestSuite.execute(TestNGDirectoryTestSuite.java:99)
	at org.apache.maven.surefire.testng.TestNGProvider.invoke(TestNGProvider.java:106)
	at sun.reflect.NativeMethodAccessorImpl.invoke0(Native Method)
	at sun.reflect.NativeMethodAccessorImpl.invoke(NativeMethodAccessorImpl.java:62)
	at sun.reflect.DelegatingMethodAccessorImpl.invoke(DelegatingMethodAccessorImpl.java:43)
	at java.lang.reflect.Method.invoke(Method.java:498)
	at org.apache.maven.surefire.util.ReflectionUtils.invokeMethodWithArray(ReflectionUtils.java:189)
	at org.apache.maven.surefire.booter.ProviderFactory$ProviderProxy.invoke(ProviderFactory.java:165)
	at org.apache.maven.surefire.booter.ProviderFactory.invokeProvider(ProviderFactory.java:85)
	at org.apache.maven.surefire.booter.ForkedBooter.runSuitesInProcess(ForkedBooter.java:115)
	at org.apache.maven.surefire.booter.ForkedBooter.main(ForkedBooter.java:75)
</failure>
    <system-out>Configuring TestNG with: org.apache.maven.surefire.testng.conf.TestNG652Configurator@67f89fa3
</system-out>
  </testcase>
  <testcase classname="testWikipedia.TestWikiHome" name="testChn" time="0.701">
    <skipped/>
  </testcase>
  <testcase classname="testWikipedia.TestWikiHome" name="setUp" time="0.702">
    <skipped/>
  </testcase>
  <testcase classname="testWikipedia.TestWikiHome" name="testEng" time="0.702">
    <skipped/>
  </testcase>
  <testcase classname="testWikipedia.TestWikiHome" name="setUp" time="0.703">
    <skipped/>
  </testcase>
  <testcase classname="testWikipedia.TestWikiHome" name="testEsp" time="0.703">
    <skipped/>
  </testcase>
  <testcase classname="testWikipedia.TestWikiHome" name="setUp" time="0.703">
    <skipped/>
  </testcase>
  <testcase classname="testWikipedia.TestWikiHome" name="testFrnch" time="0.703">
    <skipped/>
  </testcase>
  <testcase classname="testWikipedia.TestWikiHome" name="setUp" time="0.704">
    <skipped/>
  </testcase>
  <testcase classname="testWikipedia.TestWikiHome" name="testGrmn" time="0.705">
    <skipped/>
  </testcase>
  <testcase classname="testWikipedia.TestWikiHome" name="setUp" time="0.705">
    <skipped/>
  </testcase>
  <testcase classname="testWikipedia.TestWikiHome" name="testIta" time="0.706">
    <skipped/>
  </testcase>
  <testcase classname="testWikipedia.TestWikiHome" name="setUp" time="0.708">
    <skipped/>
  </testcase>
  <testcase classname="testWikipedia.TestWikiHome" name="testJpn" time="0.708">
    <skipped/>
  </testcase>
  <testcase classname="testWikipedia.TestWikiHome" name="setUp" time="0.711">
    <skipped/>
  </testcase>
  <testcase classname="testWikipedia.TestWikiHome" name="testLangList" time="0.712">
    <skipped/>
  </testcase>
  <testcase classname="testWikipedia.TestWikiHome" name="setUp" time="0.713">
    <skipped/>
  </testcase>
  <testcase classname="testWikipedia.TestWikiHome" name="testPol" time="0.713">
    <skipped/>
  </testcase>
  <testcase classname="testWikipedia.TestWikiHome" name="setUp" time="0.716">
    <skipped/>
  </testcase>
  <testcase classname="testWikipedia.TestWikiHome" name="testPor" time="0.716">
    <skipped/>
  </testcase>
  <testcase classname="testWikipedia.TestWikiHome" name="setUp" time="0.719">
    <skipped/>
  </testcase>
  <testcase classname="testWikipedia.TestWikiHome" name="testRus" time="0.719">
    <skipped/>
  </testcase>
  <testcase classname="testWikipedia.TestWikiMainPage" name="setUp" time="0.721">
    <skipped/>
  </testcase>
  <testcase classname="testWikipedia.TestWikiMainPage" name="createAccountPage" time="0.721">
    <skipped/>
  </testcase>
  <testcase classname="testWikipedia.TestWikiMainPage" name="setUp" time="0.721">
    <skipped/>
  </testcase>
  <testcase classname="testWikipedia.TestWikiMainPage" name="loginPage" time="0.726">
    <skipped/>
  </testcase>
  <testcase classname="testWikipedia.TestWikiMainPage" name="setUp" time="0.728">
    <skipped/>
  </testcase>
  <testcase classname="testWikipedia.TestWikiMainPage" name="searchCont" time="0.728">
    <skipped/>
  </testcase>
  <testcase classname="testWikipedia.TestWikiMainPage" name="setUp" time="0.732">
    <skipped/>
  </testcase>
  <testcase classname="testWikipedia.TestWikiMainPage" name="testTalk" time="0.733">
    <skipped/>
  </testcase>
  <testcase classname="testWikipedia.TestWikiMainPage" name="setUp" time="0.734">
    <skipped/>
  </testcase>
  <testcase classname="testWikipedia.TestWikiMainPage" name="testViewHistorybtn" time="0.734">
    <skipped/>
  </testcase>
</testsuite>